<pdfxml Creator="Writer" Producer="LibreOffice 7.3" CreationDate="D:20241110150032-03'00'">
  <LTPage y0="0" y1="841.89" x0="0" x1="595.304" width="595.304" height="841.89" bbox="[0, 0, 595.304, 841.89]" pageid="1" rotate="0" page_index="0" page_label="">
    <LTTextLineHorizontal y0="773.989" y1="785.989" x0="56.8" x1="107.368" width="50.568" height="12.0" bbox="[56.8, 773.989, 107.368, 785.989]" word_margin="0.1"><LTTextBoxHorizontal y0="773.989" y1="785.989" x0="56.8" x1="107.368" width="50.568" height="12.0" bbox="[56.8, 773.989, 107.368, 785.989]" index="0">PDF Test1 </LTTextBoxHorizontal></LTTextLineHorizontal>
  </LTPage>
</pdfxml>
